Invoking command in '/home/yutaka/autoware.ai/src/autoware/core_planning/speed_planner/build/speed_planner': PS1=\[\033[01;32m\]\u@\h\[\033[01;33m\] \w$(__git_ps1) \n\[\033[01;34m\]\$\[\033[00m\] /usr/bin/cmake --build /home/yutaka/autoware.ai/src/autoware/core_planning/speed_planner/build/speed_planner -- -j8 -l8
[  0%] Built target vector_map_msgs_generate_messages_py
[  0%] Built target visualization_msgs_generate_messages_py
[  0%] Built target vector_map_msgs_generate_messages_nodejs
[  0%] Built target actionlib_msgs_generate_messages_lisp
[  0%] Built target visualization_msgs_generate_messages_cpp
[  0%] Built target vector_map_msgs_generate_messages_eus
[  0%] Built target tf_generate_messages_py
[  0%] Built target visualization_msgs_generate_messages_lisp
[  0%] Built target tf2_msgs_generate_messages_nodejs
[  0%] Built target tf_generate_messages_eus
[  0%] Built target tf2_msgs_generate_messages_eus
[  0%] Built target actionlib_generate_messages_eus
[  0%] Built target tf_generate_messages_lisp
[  0%] Built target rosgraph_msgs_generate_messages_py
[  0%] Built target tf2_msgs_generate_messages_lisp
[  0%] Built target tf2_msgs_generate_messages_cpp
[  0%] Built target rosgraph_msgs_generate_messages_lisp
[  0%] Built target rosgraph_msgs_generate_messages_eus
[  0%] Built target rosgraph_msgs_generate_messages_nodejs
[  0%] Built target roscpp_generate_messages_py
[  0%] Built target roscpp_generate_messages_nodejs
[  0%] Built target roscpp_generate_messages_lisp
[  0%] Built target tf_generate_messages_nodejs
[  0%] Built target roscpp_generate_messages_eus
[  0%] Built target sensor_msgs_generate_messages_cpp
[  0%] Built target roscpp_generate_messages_cpp
[  0%] Built target std_msgs_generate_messages_lisp
[  0%] Built target geometry_msgs_generate_messages_eus
[  0%] Built target geometry_msgs_generate_messages_nodejs
[  0%] Built target actionlib_msgs_generate_messages_py
[  0%] Built target std_msgs_generate_messages_py
[  0%] Built target pcl_msgs_generate_messages_lisp
[  0%] Built target sensor_msgs_generate_messages_nodejs
[  0%] Built target jsk_recognition_msgs_generate_messages_lisp
[  0%] Built target std_msgs_generate_messages_eus
[  0%] Built target geometry_msgs_generate_messages_cpp
[  0%] Built target vector_map_msgs_generate_messages_lisp
[  0%] Built target tf_generate_messages_cpp
[  0%] Built target autoware_msgs_generate_messages_py
[  0%] Built target geometry_msgs_generate_messages_py
[  0%] Built target std_msgs_generate_messages_nodejs
[  0%] Built target actionlib_generate_messages_py
[  0%] Built target sensor_msgs_generate_messages_py
[  0%] Built target autoware_msgs_generate_messages_cpp
[  0%] Built target actionlib_generate_messages_cpp
[  0%] Built target autoware_msgs_generate_messages_eus
[  0%] Built target jsk_recognition_msgs_generate_messages_nodejs
[  0%] Built target pcl_msgs_generate_messages_py
[  0%] Built target sensor_msgs_generate_messages_lisp
[  0%] Built target jsk_recognition_msgs_generate_messages_cpp
[  0%] Built target pcl_msgs_generate_messages_cpp
[  0%] Built target rosgraph_msgs_generate_messages_cpp
[  0%] Built target jsk_recognition_msgs_generate_messages_py
[  0%] Built target geometry_msgs_generate_messages_lisp
[  0%] Built target pcl_msgs_generate_messages_eus
[  0%] Built target jsk_footstep_msgs_generate_messages_cpp
[  0%] Built target pcl_msgs_generate_messages_nodejs
[  0%] Built target autoware_msgs_generate_messages_lisp
[  0%] Built target autoware_msgs_generate_messages_nodejs
[  0%] Built target jsk_footstep_msgs_generate_messages_eus
[  0%] Built target visualization_msgs_generate_messages_eus
[  0%] Built target _catkin_empty_exported_target
[  0%] Built target jsk_footstep_msgs_generate_messages_lisp
[  0%] Built target visualization_msgs_generate_messages_nodejs
[  0%] Built target vector_map_msgs_generate_messages_cpp
[  0%] Built target actionlib_msgs_generate_messages_nodejs
[  0%] Built target jsk_footstep_msgs_generate_messages_nodejs
[  0%] Built target tf2_msgs_generate_messages_py
[  0%] Built target actionlib_generate_messages_lisp
[  0%] Built target actionlib_msgs_generate_messages_eus
[  0%] Built target jsk_footstep_msgs_generate_messages_py
[  0%] Built target actionlib_generate_messages_nodejs
[  0%] Built target sensor_msgs_generate_messages_eus
[  0%] Built target jsk_recognition_msgs_generate_messages_eus
[  0%] Built target std_msgs_generate_messages_cpp
[  0%] Built target actionlib_msgs_generate_messages_cpp
[35m[1mScanning dependencies of target speed_planner[0m
[ 20%] [32mBuilding CXX object CMakeFiles/speed_planner.dir/src/speed_planner_node.cpp.o[0m
In file included from [01m[K/home/yutaka/autoware.ai/src/autoware/core_planning/speed_planner/include/speed_planner/speed_planner_node.h:20:0[m[K,
                 from [01m[K/home/yutaka/autoware.ai/src/autoware/core_planning/speed_planner/src/speed_planner_node.cpp:1[m[K:
[01m[K/home/yutaka/autoware.ai/src/autoware/core_planning/speed_planner/include/speed_planner/trajectory_loader.h:8:7:[m[K [01;35m[Kwarning: [m[Kâ€˜[01m[KTrajectoryLoader[m[Kâ€™ has a field â€˜[01m[KTrajectoryLoader::spline_x_[m[Kâ€™ whose type uses the anonymous namespace
 class TrajectoryLoader
[01;32m[K       ^[m[K
[01m[K/home/yutaka/autoware.ai/src/autoware/core_planning/speed_planner/include/speed_planner/trajectory_loader.h:8:7:[m[K [01;35m[Kwarning: [m[Kâ€˜[01m[KTrajectoryLoader[m[Kâ€™ has a field â€˜[01m[KTrajectoryLoader::spline_y_[m[Kâ€™ whose type uses the anonymous namespace
[01m[K/home/yutaka/autoware.ai/src/autoware/core_planning/speed_planner/src/speed_planner_node.cpp:[m[K In constructor â€˜[01m[KSpeedPlannerNode::SpeedPlannerNode()[m[Kâ€™:
[01m[K/home/yutaka/autoware.ai/src/autoware/core_planning/speed_planner/src/speed_planner_node.cpp:12:109:[m[K [01;31m[Kerror: [m[Kno matching function for call to â€˜[01m[KVehicleInfo::VehicleInfo()[m[Kâ€™
 SpeedPlannerNode::SpeedPlannerNode() : nh_(), private_nh_("~"), isInitialize_(false), timer_callback_dt_(0.1)
[01;32m[K                                                                                                             ^[m[K
In file included from [01m[K/home/yutaka/autoware.ai/src/autoware/core_planning/speed_planner/include/speed_planner/speed_planner_node.h:23:0[m[K,
                 from [01m[K/home/yutaka/autoware.ai/src/autoware/core_planning/speed_planner/src/speed_planner_node.cpp:1[m[K:
[01m[K/home/yutaka/autoware.ai/src/autoware/core_planning/speed_planner/include/speed_planner/vehicle_info.h:11:5:[m[K [01;36m[Knote: [m[Kcandidate: VehicleInfo::VehicleInfo(double, double, double, double)
     VehicleInfo(const double length, const double width, const double wheelBase, const double safety_distance)
[01;32m[K     ^[m[K
[01m[K/home/yutaka/autoware.ai/src/autoware/core_planning/speed_planner/include/speed_planner/vehicle_info.h:11:5:[m[K [01;36m[Knote: [m[K  candidate expects 4 arguments, 0 provided
[01m[K/home/yutaka/autoware.ai/src/autoware/core_planning/speed_planner/include/speed_planner/vehicle_info.h:8:7:[m[K [01;36m[Knote: [m[Kcandidate: constexpr VehicleInfo::VehicleInfo(const VehicleInfo&)
 class VehicleInfo
[01;32m[K       ^[m[K
[01m[K/home/yutaka/autoware.ai/src/autoware/core_planning/speed_planner/include/speed_planner/vehicle_info.h:8:7:[m[K [01;36m[Knote: [m[K  candidate expects 1 argument, 0 provided
[01m[K/home/yutaka/autoware.ai/src/autoware/core_planning/speed_planner/src/speed_planner_node.cpp:[m[K In member function â€˜[01m[Kvoid SpeedPlannerNode::objectsCallback(const DetectedObjectArray&)[m[Kâ€™:
[01m[K/home/yutaka/autoware.ai/src/autoware/core_planning/speed_planner/src/speed_planner_node.cpp:100:22:[m[K [01;31m[Kerror: [m[Kâ€˜[01m[Kego_vehicle_ptr_[m[Kâ€™ was not declared in this scope
   if(in_lane_ptr_ && ego_vehicle_ptr_)
[01;32m[K                      ^[m[K
CMakeFiles/speed_planner.dir/build.make:62: ã‚¿ãƒ¼ã‚²ãƒƒãƒˆ 'CMakeFiles/speed_planner.dir/src/speed_planner_node.cpp.o' ã®ãƒ¬ã‚·ãƒ”ã§å¤±æ•—ã—ã¾ã—ãŸ
make[2]: *** [CMakeFiles/speed_planner.dir/src/speed_planner_node.cpp.o] ã‚¨ãƒ©ãƒ¼ 1
CMakeFiles/Makefile2:142: ã‚¿ãƒ¼ã‚²ãƒƒãƒˆ 'CMakeFiles/speed_planner.dir/all' ã®ãƒ¬ã‚·ãƒ”ã§å¤±æ•—ã—ã¾ã—ãŸ
make[1]: *** [CMakeFiles/speed_planner.dir/all] ã‚¨ãƒ©ãƒ¼ 2
Makefile:138: ã‚¿ãƒ¼ã‚²ãƒƒãƒˆ 'all' ã®ãƒ¬ã‚·ãƒ”ã§å¤±æ•—ã—ã¾ã—ãŸ
make: *** [all] ã‚¨ãƒ©ãƒ¼ 2
Invoked command in '/home/yutaka/autoware.ai/src/autoware/core_planning/speed_planner/build/speed_planner' returned '2': PS1=\[\033[01;32m\]\u@\h\[\033[01;33m\] \w$(__git_ps1) \n\[\033[01;34m\]\$\[\033[00m\] /usr/bin/cmake --build /home/yutaka/autoware.ai/src/autoware/core_planning/speed_planner/build/speed_planner -- -j8 -l8
